# JRE version: OpenJDK Runtime Environment (17.0.6) (build 17.0.6+0-b2043.56-9586694)
# Java VM: OpenJDK 64-Bit Server VM (17.0.6+0-b2043.56-9586694, mixed mode, tiered, compressed oops, compressed class ptrs, g1 gc, windows-amd64)
GC Precious Log:
 CPUs: 2 total, 2 available
 Memory: 3736M
 Large Page Support: Disabled
 NUMA Support: Disabled
 Compressed Oops: Enabled (32-bit)
 Heap Region Size: 1M
 Heap Min Capacity: 8M
 Heap Initial Capacity: 60M
 Heap Max Capacity: 2G
 Pre-touch: Disabled
 Parallel Workers: 2
 Concurrent Workers: 1
 Concurrent Refinement Workers: 2
 Periodic GC: Disabled
Heap:
 garbage-first heap   total 181248K, used 125867K [0x0000000080000000, 0x0000000100000000)
  region size 1024K, 2 young (2048K), 1 survivors (1024K)
 Metaspace       used 80758K, committed 81472K, reserved 1122304K
  class space    used 10762K, committed 11072K, reserved 1048576K
GC Heap History (20 events):
Event: 132.948 GC heap before
{Heap before GC invocations=51 (full 0):
 garbage-first heap   total 167936K, used 120870K [0x0000000080000000, 0x0000000100000000)
  region size 1024K, 23 young (23552K), 1 survivors (1024K)
 Metaspace       used 62911K, committed 63488K, reserved 1105920K
  class space    used 8298K, committed 8576K, reserved 1048576K
}
Event: 132.958 GC heap after
{Heap after GC invocations=52 (full 0):
 garbage-first heap   total 167936K, used 99194K [0x0000000080000000, 0x0000000100000000)
  region size 1024K, 2 young (2048K), 2 survivors (2048K)
 Metaspace       used 62911K, committed 63488K, reserved 1105920K
  class space    used 8298K, committed 8576K, reserved 1048576K
}
Event: 134.600 GC heap before
{Heap before GC invocations=52 (full 0):
 garbage-first heap   total 167936K, used 105338K [0x0000000080000000, 0x0000000100000000)
  region size 1024K, 8 young (8192K), 2 survivors (2048K)
 Metaspace       used 64556K, committed 65216K, reserved 1105920K
  class space    used 8524K, committed 8832K, reserved 1048576K
}
Event: 134.613 GC heap after
{Heap after GC invocations=53 (full 0):
 garbage-first heap   total 167936K, used 99469K [0x0000000080000000, 0x0000000100000000)
  region size 1024K, 1 young (1024K), 1 survivors (1024K)
 Metaspace       used 64556K, committed 65216K, reserved 1105920K
  class space    used 8524K, committed 8832K, reserved 1048576K
}
Event: 142.133 GC heap before
{Heap before GC invocations=53 (full 0):
 garbage-first heap   total 167936K, used 134285K [0x0000000080000000, 0x0000000100000000)
  region size 1024K, 29 young (29696K), 1 survivors (1024K)
 Metaspace       used 67444K, committed 68096K, reserved 1114112K
  class space    used 8885K, committed 9216K, reserved 1048576K
}
Event: 142.166 GC heap after
{Heap after GC invocations=54 (full 0):
 garbage-first heap   total 167936K, used 102754K [0x0000000080000000, 0x0000000100000000)
  region size 1024K, 4 young (4096K), 4 survivors (4096K)
 Metaspace       used 67444K, committed 68096K, reserved 1114112K
  class space    used 8885K, committed 9216K, reserved 1048576K
}
Event: 148.185 GC heap before
{Heap before GC invocations=54 (full 0):
 garbage-first heap   total 167936K, used 130402K [0x0000000080000000, 0x0000000100000000)
  region size 1024K, 31 young (31744K), 4 survivors (4096K)
 Metaspace       used 69889K, committed 70464K, reserved 1114112K
  class space    used 9195K, committed 9472K, reserved 1048576K
}
Event: 148.204 GC heap after
{Heap after GC invocations=55 (full 0):
 garbage-first heap   total 167936K, used 104980K [0x0000000080000000, 0x0000000100000000)
  region size 1024K, 3 young (3072K), 3 survivors (3072K)
 Metaspace       used 69889K, committed 70464K, reserved 1114112K
  class space    used 9195K, committed 9472K, reserved 1048576K
}
Event: 149.194 GC heap before
{Heap before GC invocations=55 (full 0):
 garbage-first heap   total 167936K, used 111124K [0x0000000080000000, 0x0000000100000000)
  region size 1024K, 10 young (10240K), 3 survivors (3072K)
 Metaspace       used 70590K, committed 71232K, reserved 1114112K
  class space    used 9260K, committed 9536K, reserved 1048576K
}
Event: 149.207 GC heap after
{Heap after GC invocations=56 (full 0):
 garbage-first heap   total 167936K, used 105564K [0x0000000080000000, 0x0000000100000000)
  region size 1024K, 3 young (3072K), 3 survivors (3072K)
 Metaspace       used 70590K, committed 71232K, reserved 1114112K
  class space    used 9260K, committed 9536K, reserved 1048576K
}
Event: 167.040 GC heap before
{Heap before GC invocations=57 (full 0):
 garbage-first heap   total 181248K, used 135260K [0x0000000080000000, 0x0000000100000000)
  region size 1024K, 31 young (31744K), 3 survivors (3072K)
 Metaspace       used 71519K, committed 72192K, reserved 1114112K
  class space    used 9412K, committed 9728K, reserved 1048576K
}
Event: 167.479 GC heap after
{Heap after GC invocations=58 (full 0):
 garbage-first heap   total 181248K, used 107343K [0x0000000080000000, 0x0000000100000000)
  region size 1024K, 3 young (3072K), 3 survivors (3072K)
 Metaspace       used 71519K, committed 72192K, reserved 1114112K
  class space    used 9412K, committed 9728K, reserved 1048576K
}
Event: 168.173 GC heap before
{Heap before GC invocations=58 (full 0):
 garbage-first heap   total 181248K, used 112463K [0x0000000080000000, 0x0000000100000000)
  region size 1024K, 8 young (8192K), 3 survivors (3072K)
 Metaspace       used 71544K, committed 72192K, reserved 1114112K
  class space    used 9415K, committed 9728K, reserved 1048576K
}
Event: 168.228 GC heap after
{Heap after GC invocations=59 (full 0):
 garbage-first heap   total 181248K, used 107851K [0x0000000080000000, 0x0000000100000000)
  region size 1024K, 1 young (1024K), 1 survivors (1024K)
 Metaspace       used 71544K, committed 72192K, reserved 1114112K
  class space    used 9415K, committed 9728K, reserved 1048576K
}
Event: 177.630 GC heap before
{Heap before GC invocations=59 (full 0):
 garbage-first heap   total 181248K, used 146763K [0x0000000080000000, 0x0000000100000000)
  region size 1024K, 39 young (39936K), 1 survivors (1024K)
 Metaspace       used 75248K, committed 75968K, reserved 1122304K
  class space    used 10057K, committed 10368K, reserved 1048576K
}
Event: 177.663 GC heap after
{Heap after GC invocations=60 (full 0):
 garbage-first heap   total 181248K, used 109682K [0x0000000080000000, 0x0000000100000000)
  region size 1024K, 3 young (3072K), 3 survivors (3072K)
 Metaspace       used 75248K, committed 75968K, reserved 1122304K
  class space    used 10057K, committed 10368K, reserved 1048576K
}
Event: 186.135 GC heap before
{Heap before GC invocations=60 (full 0):
 garbage-first heap   total 181248K, used 149618K [0x0000000080000000, 0x0000000100000000)
  region size 1024K, 42 young (43008K), 3 survivors (3072K)
 Metaspace       used 79643K, committed 80320K, reserved 1122304K
  class space    used 10608K, committed 10880K, reserved 1048576K
}
Event: 186.512 GC heap after
{Heap after GC invocations=61 (full 0):
 garbage-first heap   total 181248K, used 114460K [0x0000000080000000, 0x0000000100000000)
  region size 1024K, 6 young (6144K), 6 survivors (6144K)
 Metaspace       used 79643K, committed 80320K, reserved 1122304K
  class space    used 10608K, committed 10880K, reserved 1048576K
}
Event: 189.817 GC heap before
{Heap before GC invocations=61 (full 0):
 garbage-first heap   total 181248K, used 119580K [0x0000000080000000, 0x0000000100000000)
  region size 1024K, 12 young (12288K), 6 survivors (6144K)
 Metaspace       used 80758K, committed 81472K, reserved 1122304K
  class space    used 10762K, committed 11072K, reserved 1048576K
}
Event: 189.876 GC heap after
{Heap after GC invocations=62 (full 0):
 garbage-first heap   total 181248K, used 115627K [0x0000000080000000, 0x0000000100000000)
  region size 1024K, 1 young (1024K), 1 survivors (1024K)
 Metaspace       used 80758K, committed 81472K, reserved 1122304K
  class space    used 10762K, committed 11072K, reserved 1048576K
}

